  Box.cpp
  Bullet.cpp
  Clock.cpp
  DisplayManager.cpp
  Event.cpp
  EventCollision.cpp
  EventKeyboard.cpp
  EventMouse.cpp
  EventOut.cpp
  EventStep.cpp
  Explosion.cpp
  game.cpp
  GameManager.cpp
  Hero.cpp
  InputManager.cpp
C:\Users\User\Documents\GitHub\2b-2\Project2\InputManager.cpp(59,77): warning C4244: 'argument': conversion from 'int' to 'float', possible loss of data
C:\Users\User\Documents\GitHub\2b-2\Project2\InputManager.cpp(59,58): warning C4244: 'argument': conversion from 'int' to 'float', possible loss of data
  LogManager.cpp
C:\Users\User\Documents\GitHub\2b-2\Project2\LogManager.cpp(72,16): warning C4474: 'printf' : too many arguments passed for format string
C:\Users\User\Documents\GitHub\2b-2\Project2\LogManager.cpp(72,16): message : placeholders and their parameters expect 0 variadic arguments, but 1 were provided
  Manager.cpp
  Object.cpp
  ObjectList.cpp
  ObjectListIterator.cpp
  Generating Code...
C:\Users\User\Documents\GitHub\2b-2\Project2\DisplayManager.cpp(82): warning C4715: 'df::DisplayManager::drawCh': not all control paths return a value
  Compiling...
  Reticle.cpp
  Saucer.cpp
  Star.cpp
  utility.cpp
C:\Users\User\Documents\GitHub\2b-2\Project2\utility.cpp(35,46): warning C4244: 'argument': conversion from 'float' to 'int', possible loss of data
C:\Users\User\Documents\GitHub\2b-2\Project2\utility.cpp(34,59): warning C4244: 'argument': conversion from 'float' to 'int', possible loss of data
C:\Users\User\Documents\GitHub\2b-2\Project2\utility.cpp(34,37): warning C4244: 'argument': conversion from 'float' to 'int', possible loss of data
C:\Users\User\Documents\GitHub\2b-2\Project2\utility.cpp(38,47): warning C4244: 'argument': conversion from 'float' to 'int', possible loss of data
C:\Users\User\Documents\GitHub\2b-2\Project2\utility.cpp(37,59): warning C4244: 'argument': conversion from 'float' to 'int', possible loss of data
C:\Users\User\Documents\GitHub\2b-2\Project2\utility.cpp(37,37): warning C4244: 'argument': conversion from 'float' to 'int', possible loss of data
C:\Users\User\Documents\GitHub\2b-2\Project2\utility.cpp(44,44): warning C4244: 'argument': conversion from 'float' to 'int', possible loss of data
C:\Users\User\Documents\GitHub\2b-2\Project2\utility.cpp(43,59): warning C4244: 'argument': conversion from 'float' to 'int', possible loss of data
C:\Users\User\Documents\GitHub\2b-2\Project2\utility.cpp(43,37): warning C4244: 'argument': conversion from 'float' to 'int', possible loss of data
C:\Users\User\Documents\GitHub\2b-2\Project2\utility.cpp(47,45): warning C4244: 'argument': conversion from 'float' to 'int', possible loss of data
C:\Users\User\Documents\GitHub\2b-2\Project2\utility.cpp(46,59): warning C4244: 'argument': conversion from 'float' to 'int', possible loss of data
C:\Users\User\Documents\GitHub\2b-2\Project2\utility.cpp(46,37): warning C4244: 'argument': conversion from 'float' to 'int', possible loss of data
C:\Users\User\Documents\GitHub\2b-2\Project2\utility.cpp(76,67): warning C4244: 'argument': conversion from 'float' to 'int', possible loss of data
C:\Users\User\Documents\GitHub\2b-2\Project2\utility.cpp(76,22): warning C4244: 'argument': conversion from 'float' to 'int', possible loss of data
C:\Users\User\Documents\GitHub\2b-2\Project2\utility.cpp(75,30): warning C4244: 'argument': conversion from 'float' to 'int', possible loss of data
C:\Users\User\Documents\GitHub\2b-2\Project2\utility.cpp(78,66): warning C4244: 'argument': conversion from 'float' to 'int', possible loss of data
C:\Users\User\Documents\GitHub\2b-2\Project2\utility.cpp(78,23): warning C4244: 'argument': conversion from 'float' to 'int', possible loss of data
C:\Users\User\Documents\GitHub\2b-2\Project2\utility.cpp(77,24): warning C4244: 'argument': conversion from 'float' to 'int', possible loss of data
C:\Users\User\Documents\GitHub\2b-2\Project2\utility.cpp(86,14): warning C4244: 'initializing': conversion from 'float' to 'int', possible loss of data
C:\Users\User\Documents\GitHub\2b-2\Project2\utility.cpp(87,14): warning C4244: 'initializing': conversion from 'float' to 'int', possible loss of data
C:\Users\User\Documents\GitHub\2b-2\Project2\utility.cpp(95,14): warning C4244: 'initializing': conversion from 'float' to 'int', possible loss of data
C:\Users\User\Documents\GitHub\2b-2\Project2\utility.cpp(96,14): warning C4244: 'initializing': conversion from 'float' to 'int', possible loss of data
  Vector.cpp
C:\Users\User\Documents\GitHub\2b-2\Project2\Vector.cpp(32,13): warning C4244: 'initializing': conversion from 'double' to 'float', possible loss of data
  WorldManager.cpp
  Generating Code...
  LINK : C:\Users\User\Documents\GitHub\2b-2\x64\Debug\Project2.exe not found or not built by the last incremental link; performing full link
Explosion.obj : error LNK2019: unresolved external symbol "public: int __cdecl df::Object::setSolidness(enum df::Object::Solidness)" (?setSolidness@Object@df@@QEAAHW4Solidness@12@@Z) referenced in function "public: __cdecl Explosion::Explosion(void)" (??0Explosion@@QEAA@XZ)
Reticle.obj : error LNK2001: unresolved external symbol "public: int __cdecl df::Object::setSolidness(enum df::Object::Solidness)" (?setSolidness@Object@df@@QEAAHW4Solidness@12@@Z)
Star.obj : error LNK2001: unresolved external symbol "public: int __cdecl df::Object::setSolidness(enum df::Object::Solidness)" (?setSolidness@Object@df@@QEAAHW4Solidness@12@@Z)
Hero.obj : error LNK2019: unresolved external symbol "public: int __cdecl df::WorldManager::moveObject(class df::Object *,class df::Vector)" (?moveObject@WorldManager@df@@QEAAHPEAVObject@2@VVector@2@@Z) referenced in function "private: void __cdecl Hero::move(int)" (?move@Hero@@AEAAXH@Z)
Saucer.obj : error LNK2001: unresolved external symbol "public: int __cdecl df::WorldManager::moveObject(class df::Object *,class df::Vector)" (?moveObject@WorldManager@df@@QEAAHPEAVObject@2@VVector@2@@Z)
Hero.obj : error LNK2019: unresolved external symbol "public: __cdecl EventNuke::EventNuke(void)" (??0EventNuke@@QEAA@XZ) referenced in function "private: void __cdecl Hero::nuke(void)" (?nuke@Hero@@AEAAXXZ)
Hero.obj : error LNK2019: unresolved external symbol "public: __cdecl GameOver::GameOver(void)" (??0GameOver@@QEAA@XZ) referenced in function "public: virtual __cdecl Hero::~Hero(void)" (??1Hero@@UEAA@XZ)
Object.obj : error LNK2019: unresolved external symbol "public: __cdecl Box::Box(void)" (??0Box@@QEAA@XZ) referenced in function "public: __cdecl df::Object::Object(void)" (??0Object@df@@QEAA@XZ)
WorldManager.obj : error LNK2001: unresolved external symbol "public: __cdecl Box::Box(void)" (??0Box@@QEAA@XZ)
Reticle.obj : error LNK2019: unresolved external symbol "public: int __cdecl df::Object::setAltitude(int)" (?setAltitude@Object@df@@QEAAHH@Z) referenced in function "public: __cdecl Reticle::Reticle(void)" (??0Reticle@@QEAA@XZ)
Star.obj : error LNK2001: unresolved external symbol "public: int __cdecl df::Object::setAltitude(int)" (?setAltitude@Object@df@@QEAAHH@Z)
utility.obj : error LNK2019: unresolved external symbol "public: class Box __cdecl df::WorldManager::getView(void)" (?getView@WorldManager@df@@QEAA?AVBox@@XZ) referenced in function "class df::Vector __cdecl df::viewToWorld(class df::Vector)" (?viewToWorld@df@@YA?AVVector@1@V21@@Z)
WorldManager.obj : error LNK2019: unresolved external symbol "public: int __cdecl df::Object::getAltitude(void)const " (?getAltitude@Object@df@@QEBAHXZ) referenced in function "public: void __cdecl df::WorldManager::draw(void)" (?draw@WorldManager@df@@QEAAXXZ)
WorldManager.obj : error LNK2019: unresolved external symbol "public: bool __cdecl df::Object::isSolid(void)" (?isSolid@Object@df@@QEAA_NXZ) referenced in function "public: class df::ObjectList __cdecl df::WorldManager::getCollisions(class df::Object const *,class df::Vector)" (?getCollisions@WorldManager@df@@QEAA?AVObjectList@2@PEBVObject@2@VVector@2@@Z)
C:\Users\User\Documents\GitHub\2b-2\x64\Debug\Project2.exe : fatal error LNK1120: 9 unresolved externals
