c:\users\user\source\repos\project2\project2\x64\debug\vc143.pdb
c:\users\user\source\repos\project2\project2\x64\debug\vc143.idb
c:\users\user\source\repos\project2\project2\x64\debug\worldmanager.obj
c:\users\user\source\repos\project2\project2\x64\debug\vector.obj
c:\users\user\source\repos\project2\project2\x64\debug\utility.obj
c:\users\user\source\repos\project2\project2\x64\debug\saucer.obj
c:\users\user\source\repos\project2\project2\x64\debug\objectlistiterator.obj
c:\users\user\source\repos\project2\project2\x64\debug\objectlist.obj
c:\users\user\source\repos\project2\project2\x64\debug\object.obj
c:\users\user\source\repos\project2\project2\x64\debug\manager.obj
c:\users\user\source\repos\project2\project2\x64\debug\logmanager.obj
c:\users\user\source\repos\project2\project2\x64\debug\inputmanager.obj
c:\users\user\source\repos\project2\project2\x64\debug\gamemanager.obj
c:\users\user\source\repos\project2\project2\x64\debug\game.obj
c:\users\user\source\repos\project2\project2\x64\debug\eventstep.obj
c:\users\user\source\repos\project2\project2\x64\debug\eventout.obj
c:\users\user\source\repos\project2\project2\x64\debug\eventmouse.obj
c:\users\user\source\repos\project2\project2\x64\debug\eventkeyboard.obj
c:\users\user\source\repos\project2\project2\x64\debug\event.obj
c:\users\user\source\repos\project2\project2\x64\debug\displaymanager.obj
c:\users\user\source\repos\project2\project2\x64\debug\clock.obj
c:\users\user\source\repos\project2\x64\debug\project2.pdb
c:\users\user\source\repos\project2\project2\x64\debug\project2.tlog\cl.command.1.tlog
c:\users\user\source\repos\project2\project2\x64\debug\project2.tlog\cl.read.1.tlog
c:\users\user\source\repos\project2\project2\x64\debug\project2.tlog\cl.write.1.tlog
c:\users\user\source\repos\project2\project2\x64\debug\project2.tlog\link-cvtres.read.1.tlog
c:\users\user\source\repos\project2\project2\x64\debug\project2.tlog\link-cvtres.write.1.tlog
c:\users\user\source\repos\project2\project2\x64\debug\project2.tlog\link-rc.read.1.tlog
c:\users\user\source\repos\project2\project2\x64\debug\project2.tlog\link-rc.write.1.tlog
c:\users\user\source\repos\project2\project2\x64\debug\project2.tlog\link.command.1.tlog
c:\users\user\source\repos\project2\project2\x64\debug\project2.tlog\link.read.1.tlog
c:\users\user\source\repos\project2\project2\x64\debug\project2.tlog\link.read.2.tlog
c:\users\user\source\repos\project2\project2\x64\debug\project2.tlog\link.write.1.tlog
